<?xml version="1.0" encoding="UTF-8"?>
<testsuite name="com.example.paydaytrade.PaydayTradeApplicationTests" tests="1" skipped="0" failures="0" errors="0" timestamp="2022-07-02T07:44:59" hostname="DESKTOP-K7MBSQD" time="0.046">
  <properties/>
  <testcase name="contextLoads()" classname="com.example.paydaytrade.PaydayTradeApplicationTests" time="0.046"/>
  <system-out><![CDATA[2022-07-02 11:44:59.594  INFO 17892 --- [    Test worker] .b.t.c.SpringBootTestContextBootstrapper : Neither @ContextConfiguration nor @ContextHierarchy found for test class [com.example.paydaytrade.PaydayTradeApplicationTests], using SpringBootContextLoader
2022-07-02 11:44:59.597  INFO 17892 --- [    Test worker] o.s.t.c.support.AbstractContextLoader    : Could not detect default resource locations for test class [com.example.paydaytrade.PaydayTradeApplicationTests]: no resource found for suffixes {-context.xml, Context.groovy}.
2022-07-02 11:44:59.598  INFO 17892 --- [    Test worker] t.c.s.AnnotationConfigContextLoaderUtils : Could not detect default configuration classes for test class [com.example.paydaytrade.PaydayTradeApplicationTests]: PaydayTradeApplicationTests does not declare any static, non-private, non-final, nested classes annotated with @Configuration.
2022-07-02 11:44:59.604  INFO 17892 --- [    Test worker] .b.t.c.SpringBootTestContextBootstrapper : Found @SpringBootConfiguration com.example.paydaytrade.PaydayTradeApplication for test class com.example.paydaytrade.PaydayTradeApplicationTests
2022-07-02 11:44:59.609  INFO 17892 --- [    Test worker] .b.t.c.SpringBootTestContextBootstrapper : Loaded default TestExecutionListener class names from location [META-INF/spring.factories]: [org.springframework.security.test.context.support.WithSecurityContextTestExecutionListener, org.springframework.security.test.context.support.ReactorContextTestExecutionListener, org.springframework.boot.test.autoconfigure.restdocs.RestDocsTestExecutionListener, org.springframework.boot.test.autoconfigure.web.client.MockRestServiceServerResetTestExecutionListener, org.springframework.boot.test.autoconfigure.web.servlet.MockMvcPrintOnlyOnFailureTestExecutionListener, org.springframework.boot.test.autoconfigure.web.servlet.WebDriverTestExecutionListener, org.springframework.boot.test.autoconfigure.webservices.client.MockWebServiceServerTestExecutionListener, org.springframework.boot.test.mock.mockito.MockitoTestExecutionListener, org.springframework.boot.test.mock.mockito.ResetMocksTestExecutionListener, org.springframework.test.context.web.ServletTestExecutionListener, org.springframework.test.context.support.DirtiesContextBeforeModesTestExecutionListener, org.springframework.test.context.event.ApplicationEventsTestExecutionListener, org.springframework.test.context.support.DependencyInjectionTestExecutionListener, org.springframework.test.context.support.DirtiesContextTestExecutionListener, org.springframework.test.context.transaction.TransactionalTestExecutionListener, org.springframework.test.context.jdbc.SqlScriptsTestExecutionListener, org.springframework.test.context.event.EventPublishingTestExecutionListener]
2022-07-02 11:44:59.611  INFO 17892 --- [    Test worker] .b.t.c.SpringBootTestContextBootstrapper : Using TestExecutionListeners: [org.springframework.test.context.web.ServletTestExecutionListener@68c7162b, org.springframework.test.context.support.DirtiesContextBeforeModesTestExecutionListener@1e4d3c2e, org.springframework.test.context.event.ApplicationEventsTestExecutionListener@593fcbe7, org.springframework.boot.test.mock.mockito.MockitoTestExecutionListener@4b13aca4, org.springframework.boot.test.autoconfigure.SpringBootDependencyInjectionTestExecutionListener@1bb59da3, org.springframework.test.context.support.DirtiesContextTestExecutionListener@6cee6eb7, org.springframework.test.context.transaction.TransactionalTestExecutionListener@4b29f03e, org.springframework.test.context.jdbc.SqlScriptsTestExecutionListener@1d891373, org.springframework.security.test.context.support.WithSecurityContextTestExecutionListener@2ae6cde4, org.springframework.test.context.event.EventPublishingTestExecutionListener@356285d9, org.springframework.security.test.context.support.ReactorContextTestExecutionListener@314e2b4b, org.springframework.boot.test.autoconfigure.restdocs.RestDocsTestExecutionListener@6409a49a, org.springframework.boot.test.autoconfigure.web.client.MockRestServiceServerResetTestExecutionListener@789cdc12, org.springframework.boot.test.autoconfigure.web.servlet.MockMvcPrintOnlyOnFailureTestExecutionListener@59f1c295, org.springframework.boot.test.autoconfigure.web.servlet.WebDriverTestExecutionListener@1925be93, org.springframework.boot.test.autoconfigure.webservices.client.MockWebServiceServerTestExecutionListener@30a1e459, org.springframework.boot.test.mock.mockito.ResetMocksTestExecutionListener@2ec3c213]
]]></system-out>
  <system-err><![CDATA[]]></system-err>
</testsuite>
